<?xml version="1.0" encoding="UTF-8"?>
<!-- Generated by org.testng.reporters.JUnitXMLReporter -->
<testsuite ignored="0" hostname="Yuliias-MacBook-Pro.local" failures="4" tests="7" name="Test" time="17.965" errors="0" timestamp="2020-11-17T14:48:23 EET">
  <testcase classname="tests.TestCase1" name="testPositiveCheckAge" time="0.223"/>
  <testcase classname="tests.TestCase1" name="testMenuMainColorCheck" time="1.091">
    <failure type="java.lang.AssertionError" message="did not expect [#ffffff] but found [#ffffff]">
      <![CDATA[java.lang.AssertionError: did not expect [#ffffff] but found [#ffffff]
at tests.TestCase1.lambda$0(TestCase1.java:54)
at java.base/java.util.Hashtable.forEach(Hashtable.java:897)
at tests.TestCase1.testMenuMainColorCheck(TestCase1.java:53)
at java.base/java.util.ArrayList.forEach(ArrayList.java:1540)
... Removed 32 stack frames]]>
    </failure>
  </testcase> <!-- testMenuMainColorCheck -->
  <testcase classname="tests.TestCase1" name="testSubMenuColorCheck" time="1.123"/>
  <testcase classname="tests.TestCase1" name="testClickBingoDropDown" time="1.595"/>
  <testcase classname="tests.TestCase1" name="testCountBingoSlides" time="1.139">
    <failure type="java.lang.AssertionError" message="expected:&amp;lt;19&amp;gt; but was:&amp;lt;8&amp;gt;">
      <![CDATA[java.lang.AssertionError: expected:<19> but was:<8>
at tests.TestCase1.testCountBingoSlides(TestCase1.java:78)
at java.base/java.util.ArrayList.forEach(ArrayList.java:1540)
... Removed 32 stack frames]]>
    </failure>
  </testcase> <!-- testCountBingoSlides -->
  <testcase classname="tests.TestCase1" name="testImgTitleCheck" time="0.632">
    <failure type="java.lang.AssertionError" message="expected [true] but found [false]">
      <![CDATA[java.lang.AssertionError: expected [true] but found [false]
at tests.TestCase1.lambda$2(TestCase1.java:87)
at java.base/java.util.HashMap.forEach(HashMap.java:1336)
at tests.TestCase1.testImgTitleCheck(TestCase1.java:86)
at java.base/java.util.ArrayList.forEach(ArrayList.java:1540)
... Removed 33 stack frames]]>
    </failure>
  </testcase> <!-- testImgTitleCheck -->
  <testcase classname="tests.TestCase1" name="testCheckDuplication" time="1.539">
    <failure type="java.lang.AssertionError" message="expected:&amp;lt;false&amp;gt; but was:&amp;lt;true&amp;gt;">
      <![CDATA[java.lang.AssertionError: expected:<false> but was:<true>
at tests.TestCase1.testCheckDuplication(TestCase1.java:95)
at java.base/java.util.ArrayList.forEach(ArrayList.java:1540)
... Removed 32 stack frames]]>
    </failure>
  </testcase> <!-- testCheckDuplication -->
</testsuite> <!-- Test -->
