<!DOCTYPE html PUBLIC "-//W3C//DTD XHTML 1.1//EN" "https://www.w3.org/TR/xhtml11/DTD/xhtml11.dtd">
<html xmlns="https://www.w3.org/1999/xhtml">
<head>
<meta http-equiv="content-type" content="text/html; charset=UTF-8"/>
<title>TestNG Report</title>
<style type="text/css">table {margin-bottom:10px;border-collapse:collapse;empty-cells:show}th,td {border:1px solid #009;padding:.25em .5em}th {vertical-align:bottom}td {vertical-align:top}table a {font-weight:bold}.stripe td {background-color: #E6EBF9}.num {text-align:right}.passedodd td {background-color: #3F3}.passedeven td {background-color: #0A0}.skippedodd td {background-color: #DDD}.skippedeven td {background-color: #CCC}.failedodd td,.attn {background-color: #F33}.failedeven td,.stripe .attn {background-color: #D00}.stacktrace {white-space:pre;font-family:monospace}.totop {font-size:85%;text-align:center;border-bottom:2px solid #000}.invisible {display:none}</style>
</head>
<body>
<table>
<tr><th>Test</th><th># Passed</th><th># Skipped</th><th># Retried</th><th># Failed</th><th>Time (ms)</th><th>Included Groups</th><th>Excluded Groups</th></tr>
<tr><th colspan="8">Suite</th></tr>
<tr><td><a href="#t0">Test</a></td><td class="num">3</td><td class="num">0</td><td class="num">0</td><td class="num attn">4</td><td class="num">17,965</td><td></td><td></td></tr>
</table>
<table id='summary'><thead><tr><th>Class</th><th>Method</th><th>Start</th><th>Time (ms)</th></tr></thead><tbody><tr><th colspan="4">Suite</th></tr></tbody><tbody id="t0"><tr><th colspan="4">Test &#8212; failed</th></tr><tr class="failedeven"><td rowspan="4">tests.TestCase1</td><td><a href="#m0">testCheckDuplication</a></td><td rowspan="1">1605617296615</td><td rowspan="1">1539</td></tr><tr class="failedeven"><td><a href="#m1">testCountBingoSlides</a></td><td rowspan="1">1605617294837</td><td rowspan="1">1139</td></tr><tr class="failedeven"><td><a href="#m2">testImgTitleCheck</a></td><td rowspan="1">1605617295978</td><td rowspan="1">632</td></tr><tr class="failedeven"><td><a href="#m3">testMenuMainColorCheck</a></td><td rowspan="1">1605617291021</td><td rowspan="1">1091</td></tr><tr><th colspan="4">Test &#8212; passed</th></tr><tr class="passedeven"><td rowspan="3">tests.TestCase1</td><td><a href="#m4">testClickBingoDropDown</a></td><td rowspan="1">1605617293241</td><td rowspan="1">1595</td></tr><tr class="passedeven"><td><a href="#m5">testPositiveCheckAge</a></td><td rowspan="1">1605617290791</td><td rowspan="1">223</td></tr><tr class="passedeven"><td><a href="#m6">testSubMenuColorCheck</a></td><td rowspan="1">1605617292117</td><td rowspan="1">1123</td></tr></tbody>
</table>
<h2>Test</h2><h3 id="m0">tests.TestCase1#testCheckDuplication</h3><table class="result"><tr><th>Exception</th></tr><tr><td><div class="stacktrace">java.lang.AssertionError: expected:&lt;false&gt; but was:&lt;true&gt;
	at tests.TestCase1.testCheckDuplication(TestCase1.java:95)
	at java.base/java.util.ArrayList.forEach(ArrayList.java:1540)
... Removed 32 stack frames</div></td></tr></table><p class="totop"><a href="#summary">back to summary</a></p>
<h3 id="m1">tests.TestCase1#testCountBingoSlides</h3><table class="result"><tr><th>Exception</th></tr><tr><td><div class="stacktrace">java.lang.AssertionError: expected:&lt;19&gt; but was:&lt;8&gt;
	at tests.TestCase1.testCountBingoSlides(TestCase1.java:78)
	at java.base/java.util.ArrayList.forEach(ArrayList.java:1540)
... Removed 32 stack frames</div></td></tr></table><p class="totop"><a href="#summary">back to summary</a></p>
<h3 id="m2">tests.TestCase1#testImgTitleCheck</h3><table class="result"><tr><th>Exception</th></tr><tr><td><div class="stacktrace">java.lang.AssertionError: expected [true] but found [false]
	at tests.TestCase1.lambda$2(TestCase1.java:87)
	at java.base/java.util.HashMap.forEach(HashMap.java:1336)
	at tests.TestCase1.testImgTitleCheck(TestCase1.java:86)
	at java.base/java.util.ArrayList.forEach(ArrayList.java:1540)
... Removed 33 stack frames</div></td></tr></table><p class="totop"><a href="#summary">back to summary</a></p>
<h3 id="m3">tests.TestCase1#testMenuMainColorCheck</h3><table class="result"><tr><th>Exception</th></tr><tr><td><div class="stacktrace">java.lang.AssertionError: did not expect [#ffffff] but found [#ffffff]
	at tests.TestCase1.lambda$0(TestCase1.java:54)
	at java.base/java.util.Hashtable.forEach(Hashtable.java:897)
	at tests.TestCase1.testMenuMainColorCheck(TestCase1.java:53)
	at java.base/java.util.ArrayList.forEach(ArrayList.java:1540)
... Removed 32 stack frames</div></td></tr></table><p class="totop"><a href="#summary">back to summary</a></p>
<h3 id="m4">tests.TestCase1#testClickBingoDropDown</h3><table class="result"><tr><th class="invisible"/></tr></table><p class="totop"><a href="#summary">back to summary</a></p>
<h3 id="m5">tests.TestCase1#testPositiveCheckAge</h3><table class="result"><tr><th class="invisible"/></tr></table><p class="totop"><a href="#summary">back to summary</a></p>
<h3 id="m6">tests.TestCase1#testSubMenuColorCheck</h3><table class="result"><tr><th class="invisible"/></tr></table><p class="totop"><a href="#summary">back to summary</a></p>
</body>
</html>
